<?xml version="1.0" encoding="UTF-8"?>
<robot generator="Robot 5.0.1 (Python 3.10.7 on win32)" generated="20221004 16:54:40.656" rpa="false" schemaversion="3">
<suite id="s1" name="Testcase1" source="C:\Users\ESARIAHI\RoboSelBO\RoboSelBO\testcase1.robot">
<test id="s1-t1" name="Standaard hypotheek" line="5">
<kw name="Open Browser" library="SeleniumLibrary">
<arg>url=https://www.abnamro.nl/nl/prive/hypotheken/maximale-hypotheek-berekenen.html</arg>
<arg>browser=chrome</arg>
<doc>Opens a new browser instance to the optional ``url``.</doc>
<msg timestamp="20221004 16:54:40.854" level="INFO">Opening browser 'chrome' to base url 'https://www.abnamro.nl/nl/prive/hypotheken/maximale-hypotheek-berekenen.html'.</msg>
<msg timestamp="20221004 16:54:40.990" level="INFO">Cannot capture screenshot because no browser is open.</msg>
<msg timestamp="20221004 16:54:40.990" level="FAIL">WebDriverException: Message: 'chromedriver' executable needs to be in PATH. Please see https://chromedriver.chromium.org/home
</msg>
<status status="FAIL" starttime="20221004 16:54:40.854" endtime="20221004 16:54:40.990"/>
</kw>
<kw name="Click Element" library="SeleniumLibrary">
<arg>locator= css:a#aab-cookie-consent-agree</arg>
<doc>Click the element identified by ``locator``.</doc>
<status status="NOT RUN" starttime="20221004 16:54:40.990" endtime="20221004 16:54:40.990"/>
</kw>
<kw name="Select Frame" library="SeleniumLibrary">
<arg>//iframe[@id="29789"]</arg>
<doc>Sets frame identified by ``locator`` as the current frame.</doc>
<status status="NOT RUN" starttime="20221004 16:54:40.990" endtime="20221004 16:54:40.990"/>
</kw>
<kw name="Sleep" library="BuiltIn">
<arg>1s</arg>
<doc>Pauses the test executed for the given time.</doc>
<status status="NOT RUN" starttime="20221004 16:54:40.990" endtime="20221004 16:54:40.990"/>
</kw>
<kw name="Click Element" library="SeleniumLibrary">
<arg>//span[text()="Ik heb nog geen hypotheek bij ABN AMRO"]</arg>
<doc>Click the element identified by ``locator``.</doc>
<status status="NOT RUN" starttime="20221004 16:54:40.990" endtime="20221004 16:54:40.990"/>
</kw>
<kw name="Sleep" library="BuiltIn">
<arg>3 seconds</arg>
<doc>Pauses the test executed for the given time.</doc>
<status status="NOT RUN" starttime="20221004 16:54:40.990" endtime="20221004 16:54:40.990"/>
</kw>
<kw name="Click Element" library="SeleniumLibrary">
<arg>//span[text()="Alleen"]</arg>
<doc>Click the element identified by ``locator``.</doc>
<status status="NOT RUN" starttime="20221004 16:54:40.990" endtime="20221004 16:54:40.990"/>
</kw>
<kw name="Sleep" library="BuiltIn">
<arg>2</arg>
<doc>Pauses the test executed for the given time.</doc>
<status status="NOT RUN" starttime="20221004 16:54:40.990" endtime="20221004 16:54:40.990"/>
</kw>
<kw name="Click Element" library="SeleniumLibrary">
<arg>//input[@id="age"]</arg>
<doc>Click the element identified by ``locator``.</doc>
<status status="NOT RUN" starttime="20221004 16:54:40.990" endtime="20221004 16:54:40.990"/>
</kw>
<kw name="Sleep" library="BuiltIn">
<arg>1</arg>
<doc>Pauses the test executed for the given time.</doc>
<status status="NOT RUN" starttime="20221004 16:54:40.990" endtime="20221004 16:54:40.990"/>
</kw>
<kw name="Input Text" library="SeleniumLibrary">
<arg>//input[@id="age"]</arg>
<arg>"40"</arg>
<doc>Types the given ``text`` into the text field identified by ``locator``.</doc>
<status status="NOT RUN" starttime="20221004 16:54:40.990" endtime="20221004 16:54:40.990"/>
</kw>
<kw name="Click Element" library="SeleniumLibrary">
<arg>//span[text()=" Ok, ga verder "]</arg>
<doc>Click the element identified by ``locator``.</doc>
<status status="NOT RUN" starttime="20221004 16:54:40.990" endtime="20221004 16:54:40.990"/>
</kw>
<kw name="Close Browser" library="SeleniumLibrary">
<doc>Closes the current browser.</doc>
<status status="NOT RUN" starttime="20221004 16:54:40.990" endtime="20221004 16:54:40.990"/>
</kw>
<status status="FAIL" starttime="20221004 16:54:40.854" endtime="20221004 16:54:40.990">WebDriverException: Message: 'chromedriver' executable needs to be in PATH. Please see https://chromedriver.chromium.org/home
</status>
</test>
<status status="FAIL" starttime="20221004 16:54:40.656" endtime="20221004 16:54:40.990"/>
</suite>
<statistics>
<total>
<stat pass="0" fail="1" skip="0">All Tests</stat>
</total>
<tag>
</tag>
<suite>
<stat pass="0" fail="1" skip="0" id="s1" name="Testcase1">Testcase1</stat>
</suite>
</statistics>
<errors>
</errors>
</robot>
